# JRE version: Java(TM) SE Runtime Environment (8.0_20-b26) (build 1.8.0_20-b26)
# Java VM: Java HotSpot(TM) 64-Bit Server VM (25.20-b23 mixed mode windows-amd64 compressed oops)
Heap:
 PSYoungGen      total 62976K, used 3761K [0x00000000e0000000, 0x00000000e4a80000, 0x0000000100000000)
  eden space 53248K, 0% used [0x00000000e0000000,0x00000000e0000000,0x00000000e3400000)
  from space 9728K, 38% used [0x00000000e3f00000,0x00000000e42ac700,0x00000000e4880000)
  to   space 11264K, 0% used [0x00000000e3400000,0x00000000e3400000,0x00000000e3f00000)
 ParOldGen       total 70656K, used 14817K [0x00000000a0000000, 0x00000000a4500000, 0x00000000e0000000)
  object space 70656K, 20% used [0x00000000a0000000,0x00000000a0e786d0,0x00000000a4500000)
 Metaspace       used 36655K, capacity 37278K, committed 37504K, reserved 1083392K
  class space    used 4985K, capacity 5157K, committed 5248K, reserved 1048576K
GC Heap History (10 events):
Event: 27.063 GC heap after
Heap after GC invocations=8 (full 1):
 PSYoungGen      total 60928K, used 5770K [0x00000000e0000000, 0x00000000e4880000, 0x0000000100000000)
  eden space 54784K, 0% used [0x00000000e0000000,0x00000000e0000000,0x00000000e3580000)
  from space 6144K, 93% used [0x00000000e3700000,0x00000000e3ca2a30,0x00000000e3d00000)
  to   space 9728K, 0% used [0x00000000e3f00000,0x00000000e3f00000,0x00000000e4880000)
 ParOldGen       total 56832K, used 8759K [0x00000000a0000000, 0x00000000a3780000, 0x00000000e0000000)
  object space 56832K, 15% used [0x00000000a0000000,0x00000000a088dd58,0x00000000a3780000)
 Metaspace       used 28761K, capacity 29128K, committed 29440K, reserved 1075200K
  class space    used 3986K, capacity 4047K, committed 4096K, reserved 1048576K
}
Event: 45.773 GC heap before
{Heap before GC invocations=9 (full 1):
 PSYoungGen      total 60928K, used 60554K [0x00000000e0000000, 0x00000000e4880000, 0x0000000100000000)
  eden space 54784K, 100% used [0x00000000e0000000,0x00000000e3580000,0x00000000e3580000)
  from space 6144K, 93% used [0x00000000e3700000,0x00000000e3ca2a30,0x00000000e3d00000)
  to   space 9728K, 0% used [0x00000000e3f00000,0x00000000e3f00000,0x00000000e4880000)
 ParOldGen       total 56832K, used 8759K [0x00000000a0000000, 0x00000000a3780000, 0x00000000e0000000)
  object space 56832K, 15% used [0x00000000a0000000,0x00000000a088dd58,0x00000000a3780000)
 Metaspace       used 33873K, capacity 34474K, committed 34816K, reserved 1079296K
  class space    used 4650K, capacity 4789K, committed 4864K, reserved 1048576K
Event: 45.787 GC heap after
Heap after GC invocations=9 (full 1):
 PSYoungGen      total 62976K, used 9717K [0x00000000e0000000, 0x00000000e4a80000, 0x0000000100000000)
  eden space 53248K, 0% used [0x00000000e0000000,0x00000000e0000000,0x00000000e3400000)
  from space 9728K, 99% used [0x00000000e3f00000,0x00000000e487d738,0x00000000e4880000)
  to   space 11264K, 0% used [0x00000000e3400000,0x00000000e3400000,0x00000000e3f00000)
 ParOldGen       total 56832K, used 9249K [0x00000000a0000000, 0x00000000a3780000, 0x00000000e0000000)
  object space 56832K, 16% used [0x00000000a0000000,0x00000000a0908448,0x00000000a3780000)
 Metaspace       used 33873K, capacity 34474K, committed 34816K, reserved 1079296K
  class space    used 4650K, capacity 4789K, committed 4864K, reserved 1048576K
}
Event: 46.353 GC heap before
{Heap before GC invocations=10 (full 1):
 PSYoungGen      total 62976K, used 42499K [0x00000000e0000000, 0x00000000e4a80000, 0x0000000100000000)
  eden space 53248K, 61% used [0x00000000e0000000,0x00000000e20035f8,0x00000000e3400000)
  from space 9728K, 99% used [0x00000000e3f00000,0x00000000e487d738,0x00000000e4880000)
  to   space 11264K, 0% used [0x00000000e3400000,0x00000000e3400000,0x00000000e3f00000)
 ParOldGen       total 56832K, used 9249K [0x00000000a0000000, 0x00000000a3780000, 0x00000000e0000000)
  object space 56832K, 16% used [0x00000000a0000000,0x00000000a0908448,0x00000000a3780000)
 Metaspace       used 34722K, capacity 35260K, committed 35496K, reserved 1079296K
  class space    used 4754K, capacity 4856K, committed 4864K, reserved 1048576K
Event: 46.488 GC heap after
Heap after GC invocations=10 (full 1):
 PSYoungGen      total 64512K, used 5066K [0x00000000e0000000, 0x00000000e4a80000, 0x0000000100000000)
  eden space 53248K, 0% used [0x00000000e0000000,0x00000000e0000000,0x00000000e3400000)
  from space 11264K, 44% used [0x00000000e3400000,0x00000000e38f2bf8,0x00000000e3f00000)
  to   space 9728K, 0% used [0x00000000e3f00000,0x00000000e3f00000,0x00000000e4880000)
 ParOldGen       total 56832K, used 12349K [0x00000000a0000000, 0x00000000a3780000, 0x00000000e0000000)
  object space 56832K, 21% used [0x00000000a0000000,0x00000000a0c0f7c8,0x00000000a3780000)
 Metaspace       used 34722K, capacity 35260K, committed 35496K, reserved 1079296K
  class space    used 4754K, capacity 4856K, committed 4864K, reserved 1048576K
}
Event: 46.488 GC heap before
{Heap before GC invocations=11 (full 2):
 PSYoungGen      total 64512K, used 5066K [0x00000000e0000000, 0x00000000e4a80000, 0x0000000100000000)
  eden space 53248K, 0% used [0x00000000e0000000,0x00000000e0000000,0x00000000e3400000)
  from space 11264K, 44% used [0x00000000e3400000,0x00000000e38f2bf8,0x00000000e3f00000)
  to   space 9728K, 0% used [0x00000000e3f00000,0x00000000e3f00000,0x00000000e4880000)
 ParOldGen       total 56832K, used 12349K [0x00000000a0000000, 0x00000000a3780000, 0x00000000e0000000)
  object space 56832K, 21% used [0x00000000a0000000,0x00000000a0c0f7c8,0x00000000a3780000)
 Metaspace       used 34722K, capacity 35260K, committed 35496K, reserved 1079296K
  class space    used 4754K, capacity 4856K, committed 4864K, reserved 1048576K
Event: 47.034 GC heap after
Heap after GC invocations=11 (full 2):
 PSYoungGen      total 64512K, used 0K [0x00000000e0000000, 0x00000000e4a80000, 0x0000000100000000)
  eden space 53248K, 0% used [0x00000000e0000000,0x00000000e0000000,0x00000000e3400000)
  from space 11264K, 0% used [0x00000000e3400000,0x00000000e3400000,0x00000000e3f00000)
  to   space 9728K, 0% used [0x00000000e3f00000,0x00000000e3f00000,0x00000000e4880000)
 ParOldGen       total 70656K, used 14817K [0x00000000a0000000, 0x00000000a4500000, 0x00000000e0000000)
  object space 70656K, 20% used [0x00000000a0000000,0x00000000a0e786d0,0x00000000a4500000)
 Metaspace       used 34722K, capacity 35260K, committed 35496K, reserved 1079296K
  class space    used 4754K, capacity 4856K, committed 4864K, reserved 1048576K
}
Event: 47.547 GC heap before
{Heap before GC invocations=12 (full 2):
 PSYoungGen      total 64512K, used 25365K [0x00000000e0000000, 0x00000000e4a80000, 0x0000000100000000)
  eden space 53248K, 47% used [0x00000000e0000000,0x00000000e18c5460,0x00000000e3400000)
  from space 11264K, 0% used [0x00000000e3400000,0x00000000e3400000,0x00000000e3f00000)
  to   space 9728K, 0% used [0x00000000e3f00000,0x00000000e3f00000,0x00000000e4880000)
 ParOldGen       total 70656K, used 14817K [0x00000000a0000000, 0x00000000a4500000, 0x00000000e0000000)
  object space 70656K, 20% used [0x00000000a0000000,0x00000000a0e786d0,0x00000000a4500000)
 Metaspace       used 36655K, capacity 37278K, committed 37504K, reserved 1083392K
  class space    used 4985K, capacity 5157K, committed 5248K, reserved 1048576K
Event: 47.555 GC heap after
Heap after GC invocations=12 (full 2):
 PSYoungGen      total 62976K, used 3761K [0x00000000e0000000, 0x00000000e4a80000, 0x0000000100000000)
  eden space 53248K, 0% used [0x00000000e0000000,0x00000000e0000000,0x00000000e3400000)
  from space 9728K, 38% used [0x00000000e3f00000,0x00000000e42ac700,0x00000000e4880000)
  to   space 11264K, 0% used [0x00000000e3400000,0x00000000e3400000,0x00000000e3f00000)
 ParOldGen       total 70656K, used 14817K [0x00000000a0000000, 0x00000000a4500000, 0x00000000e0000000)
  object space 70656K, 20% used [0x00000000a0000000,0x00000000a0e786d0,0x00000000a4500000)
 Metaspace       used 36655K, capacity 37278K, committed 37504K, reserved 1083392K
  class space    used 4985K, capacity 5157K, committed 5248K, reserved 1048576K
}
Event: 47.555 GC heap before
{Heap before GC invocations=13 (full 3):
 PSYoungGen      total 62976K, used 3761K [0x00000000e0000000, 0x00000000e4a80000, 0x0000000100000000)
  eden space 53248K, 0% used [0x00000000e0000000,0x00000000e0000000,0x00000000e3400000)
  from space 9728K, 38% used [0x00000000e3f00000,0x00000000e42ac700,0x00000000e4880000)
  to   space 11264K, 0% used [0x00000000e3400000,0x00000000e3400000,0x00000000e3f00000)
 ParOldGen       total 70656K, used 14817K [0x00000000a0000000, 0x00000000a4500000, 0x00000000e0000000)
  object space 70656K, 20% used [0x00000000a0000000,0x00000000a0e786d0,0x00000000a4500000)
 Metaspace       used 36655K, capacity 37278K, committed 37504K, reserved 1083392K
  class space    used 4985K, capacity 5157K, committed 5248K, reserved 1048576K

